"../../../Engine/Content/Animation/DefaultAnimCurveCompressionSettings.uasset" 0
"../../../Engine/Content/ArtTools/RenderToTexture/Enums/RenderToTexture_Enum.uasset" 1
"../../../Engine/Content/ArtTools/RenderToTexture/Enums/RenderToTexture_Flipbook_Enum.uasset" 2
"../../../Engine/Content/ArtTools/RenderToTexture/Enums/RenderToTexture_Imposter_Enum.uasset" 3
"../../../Engine/Content/EditorBlueprintResources/StandardMacros.uasset" 4
"../../../Engine/Content/ArtTools/RenderToTexture/Enums/EIntTypes.uasset" 5
"../../../Engine/Content/ArtTools/RenderToTexture/Macros/RenderToTextureFunctionLibrary.uasset" 6
"../../../Engine/Content/ArtTools/RenderToTexture/Enums/EFloatTypes.uasset" 7
"../../../Engine/Content/ArtTools/RenderToTexture/Macros/RenderToTextureMacros.uasset" 8
"../../../Engine/Content/Functions/Engine_MaterialFunctions01/Opacity/CameraDepthFade.uasset" 9
"../../../Engine/Content/EngineMaterials/T_Default_Material_Grid_M.uasset" 10
"../../../Engine/Content/EngineMaterials/T_Default_Material_Grid_N.uasset" 11
"../../../Engine/Content/EngineMaterials/WorldGridMaterial.uasset" 12
"../../../Engine/Content/ArtTools/RenderToTexture/Meshes/S_1_Unit_Plane.uasset" 13
"../../../Engine/Content/EngineMaterials/DefaultMaterial.uasset" 14
"../../../Engine/Content/BasicShapes/Cone.uasset" 15
"../../../Engine/Content/BasicShapes/Cube.uasset" 16
"../../../Engine/Content/BasicShapes/Cylinder.uasset" 17
"../../../Engine/Content/BasicShapes/Plane.uasset" 18
"../../../Engine/Content/EngineMaterials/DefaultPhysicalMaterial.uasset" 19
"../../../Engine/Content/BufferVisualization/AmbientOcclusion.uasset" 20
"../../../Engine/Content/BufferVisualization/BaseColor.uasset" 21
"../../../Engine/Content/BufferVisualization/CustomDepth.uasset" 22
"../../../Engine/Content/Functions/Engine_MaterialFunctions02/Utility/VectorLength.uasset" 23
"../../../Engine/Content/BufferVisualization/CustomDepthWorldUnits.uasset" 24
"../../../Engine/Content/Functions/Engine_MaterialFunctions02/Utility/BreakOutFloat2Components.uasset" 25
"../../../Engine/Content/Functions/Engine_MaterialFunctions01/Texturing/ScaleUVsByCenter.uasset" 26
"../../../Engine/Content/Functions/Engine_MaterialFunctions02/ScreenResolution.uasset" 27
"../../../Engine/Content/Functions/Engine_MaterialFunctions02/Texturing/ScreenAlignedUVs.uasset" 28
"../../../Engine/Content/Functions/Engine_MaterialFunctions02/Utility/MakeFloat2.uasset" 29
"../../../Engine/Content/Functions/Engine_MaterialFunctions02/Utility/MakeFloat3.uasset" 30
"../../../Engine/Content/EngineMaterials/MiniFont.uasset" 31
"../../../Engine/Content/BufferVisualization/CustomStencil.uasset" 32
"../../../Engine/Content/BufferVisualization/FinalImage.uasset" 33
"../../../Engine/Content/BufferVisualization/LightingModel.uasset" 34
"../../../Engine/Content/BufferVisualization/MaterialAO.uasset" 35
"../../../Engine/Content/BufferVisualization/Metallic.uasset" 36
"../../../Engine/Content/BufferVisualization/Opacity.uasset" 37
"../../../Engine/Content/BufferVisualization/PostTonemapHDRColor.uasset" 38
"../../../Engine/Content/BufferVisualization/PreTonemapHDRColor.uasset" 39
"../../../Engine/Content/BufferVisualization/Roughness.uasset" 40
"../../../Engine/Content/BufferVisualization/SceneColor.uasset" 41
"../../../Engine/Content/BufferVisualization/SceneDepth.uasset" 42
"../../../Engine/Content/BufferVisualization/SceneDepthWorldUnits.uasset" 43
"../../../Engine/Content/BufferVisualization/SeparateTranslucencyA.uasset" 44
"../../../Engine/Content/BufferVisualization/SeparateTranslucencyRGB.uasset" 45
"../../../Engine/Content/BufferVisualization/Specular.uasset" 46
"../../../Engine/Content/BufferVisualization/SubsurfaceColor.uasset" 47
"../../../Engine/Content/BufferVisualization/Velocity.uasset" 48
"../../../Engine/Content/BufferVisualization/WorldNormal.uasset" 49
"../../../Engine/Content/EditorBlueprintResources/ActorMacros.uasset" 50
"../../../Engine/Content/EditorLandscapeResources/DataLayer.uasset" 51
"../../../Engine/Content/EditorLandscapeResources/DefaultAlphaTexture.uasset" 52
"../../../Engine/Content/EditorLandscapeResources/LandscapeGizmoHeight_Mat.uasset" 53
"../../../Engine/Content/EditorLandscapeResources/LandscapeGizmo_Mat.uasset" 54
"../../../Engine/Content/EditorLandscapeResources/LandscapeGizmo_Mat_Copied.uasset" 55
"../../../Engine/Content/EditorLandscapeResources/SplineEditorMeshMat.uasset" 56
"../../../Engine/Content/EditorLandscapeResources/SplineEditorMesh.uasset" 57
"../../../Engine/Content/EditorMaterials/Cross.uasset" 58
"../../../Engine/Content/EditorMaterials/Cross_Mat.uasset" 59
"../../../Engine/Content/EngineMaterials/DefaultDiffuse.uasset" 60
"../../../Engine/Content/Functions/Engine_MaterialFunctions01/Texturing/TextureCropping.uasset" 61
"../../../Engine/Content/Functions/Engine_MaterialFunctions01/Texturing/ComputeMipLevel.uasset" 62
"../../../Engine/Content/Functions/Engine_MaterialFunctions02/ExampleContent/DebugNumberStrip.uasset" 63
"../../../Engine/Content/Functions/Engine_MaterialFunctions02/ExampleContent/Textures/DebugNumberPeriod.uasset" 64
"../../../Engine/Content/Functions/Engine_MaterialFunctions02/Utility/DebugScalarValues.uasset" 65
"../../../Engine/Content/Functions/Engine_MaterialFunctions02/Utility/DebugFloat2Values.uasset" 66
"../../../Engine/Content/Functions/Engine_MaterialFunctions02/ExampleContent/Textures/flipbook.uasset" 67
"../../../Engine/Content/Functions/Engine_MaterialFunctions02/Texturing/FlipBook.uasset" 68
"../../../Engine/Content/Functions/Engine_MaterialFunctions02/Utility/Sign.uasset" 69
"../../../Engine/Content/Functions/Engine_MaterialFunctions02/Utility/Round.uasset" 70
"../../../Engine/Content/EditorResources/T_EditorHelp.uasset" 71
"../../../Engine/Content/EditorMaterials/HelpActorMaterial.uasset" 72
"../../../Engine/Content/EditorMaterials/CompositeARGBLayer.uasset" 73
"../../../Engine/Content/EditorMaterials/TilingAALineIntegral.uasset" 74
"../../../Engine/Content/EditorMaterials/TilingAALineBoxFiltered.uasset" 75
"../../../Engine/Content/Functions/Engine_MaterialFunctions03/Procedurals/ComputeFilterWidth.uasset" 76
"../../../Engine/Content/EditorMaterials/TilingAADots.uasset" 77
"../../../Engine/Content/EngineMaterials/BlendFunc_DefBase.uasset" 78
"../../../Engine/Content/EngineMaterials/BlendFunc_DefBlend.uasset" 79
"../../../Engine/Content/Functions/Engine_MaterialFunctions03/Blends/Blend_Screen.uasset" 80
"../../../Engine/Content/EditorMaterials/TilingAAGrid.uasset" 81
"../../../Engine/Content/EditorMaterials/LevelGridMaterial.uasset" 82
"../../../Engine/Content/EditorMaterials/MakeCompositeARGBLayer.uasset" 83
"../../../Engine/Content/EditorResources/LevelGrid1DStripes.uasset" 84
"../../../Engine/Content/EditorMaterials/TextureGridCascaded1D.uasset" 85
"../../../Engine/Content/EditorMaterials/TextureGridCascaded2D.uasset" 86
"../../../Engine/Content/EditorMaterials/LevelGridMaterial2.uasset" 87
"../../../Engine/Content/EditorMaterials/MAT_Groups_Toggle.uasset" 88
"../../../Engine/Content/EditorMaterials/MAT_Groups_Visibility.uasset" 89
"../../../Engine/Content/EditorMaterials/AntialiasedGridFloor.uasset" 90
"../../../Engine/Content/EditorResources/TilePatine_D.uasset" 91
"../../../Engine/Content/EditorResources/TilePatine_N.uasset" 92
"../../../Engine/Content/EngineMaterials/Grid.uasset" 93
"../../../Engine/Content/EditorMaterials/PersonaFloorMat.uasset" 94
"../../../Engine/Content/EditorMaterials/PhAT_BoneSelectedMaterial.uasset" 95
"../../../Engine/Content/EditorMaterials/PhAT_ElemSelectedMaterial.uasset" 96
"../../../Engine/Content/EditorMaterials/PhAT_NoCollisionMaterial.uasset" 97
"../../../Engine/Content/EditorMaterials/PhAT_UnselectedMaterial.uasset" 98
"../../../Engine/Content/EditorMaterials/PreviewShadowIndicator.uasset" 99
"../../../Engine/Content/EditorMaterials/PreviewShadowIndicatorMaterial.uasset" 100
"../../../Engine/Content/EditorMaterials/TargetIcon.uasset" 101
"../../../Engine/Content/EditorMaterials/Tick.uasset" 102
"../../../Engine/Content/EditorMaterials/Tick_Mat.uasset" 103
"../../../Engine/Content/EditorMaterials/WidgetGridVertexColorMaterial.uasset" 104
"../../../Engine/Content/EditorMaterials/WidgetGridVertexColorMaterial_Ma.uasset" 105
"../../../Engine/Content/EditorMaterials/WidgetMaterial.uasset" 106
"../../../Engine/Content/EditorMaterials/WidgetMaterial_Current.uasset" 107
"../../../Engine/Content/EditorMaterials/WidgetMaterial_X.uasset" 108
"../../../Engine/Content/EditorMaterials/WidgetMaterial_Y.uasset" 109
"../../../Engine/Content/EditorMaterials/WidgetMaterial_Z.uasset" 110
"../../../Engine/Content/EditorMaterials/WidgetVertexColorMaterial.uasset" 111
"../../../Engine/Content/EditorMaterials/MatineeGroups/MAT_ColorTrack.uasset" 112
"../../../Engine/Content/EditorMaterials/MatineeGroups/MAT_Groups_Anim.uasset" 113
"../../../Engine/Content/EditorMaterials/MatineeGroups/MAT_Groups_AudioMaster.uasset" 114
"../../../Engine/Content/EditorMaterials/MatineeGroups/MAT_Groups_Director.uasset" 115
"../../../Engine/Content/EditorMaterials/MatineeGroups/MAT_Groups_Event.uasset" 116
"../../../Engine/Content/EditorMaterials/MatineeGroups/MAT_Groups_Fade.uasset" 117
"../../../Engine/Content/EditorMaterials/MatineeGroups/MAT_Groups_Float.uasset" 118
"../../../Engine/Content/EditorMaterials/MatineeGroups/MAT_Groups_Move.uasset" 119
"../../../Engine/Content/EditorMaterials/MatineeGroups/MAT_Groups_Slomo.uasset" 120
"../../../Engine/Content/EditorMaterials/MatineeGroups/MAT_Groups_Sound.uasset" 121
"../../../Engine/Content/EditorMaterials/MatineeGroups/MAT_Groups_Vector.uasset" 122
"../../../Engine/Content/EditorMaterials/ParticleSystems/PSysThumbnail_NoImage.uasset" 123
"../../../Engine/Content/EditorMaterials/ParticleSystems/PSysThumbnail_OOD.uasset" 124
"../../../Engine/Content/EditorMaterials/Thumbnails/FloorPlaneMaterial.uasset" 125
"../../../Engine/Content/EditorMeshes/EditorCube.uasset" 126
"../../../Engine/Content/EditorMeshes/EditorCylinder.uasset" 127
"../../../Engine/Content/EditorMeshes/EditorPlane.uasset" 128
"../../../Engine/Content/EditorMaterials/Thumbnails/SkySphereMaterial.uasset" 129
"../../../Engine/Content/EditorMeshes/EditorSkySphere.uasset" 130
"../../../Engine/Content/EditorMeshes/EditorSphere.uasset" 131
"../../../Engine/Content/EditorResources/MatineeCam_D.uasset" 132
"../../../Engine/Content/EditorMaterials/MatineeCam_mat.uasset" 133
"../../../Engine/Content/EditorMeshes/MatineeCam_SM.uasset" 134
"../../../Engine/Content/Functions/Engine_MaterialFunctions01/Shading/ConvertFromDiffSpec.uasset" 135
"../../../Engine/Content/EditorMaterials/GridMaterial.uasset" 136
"../../../Engine/Content/EditorMeshes/PhAT_FloorBox.uasset" 137
"../../../Engine/Content/EditorMeshes/PlanarReflectionPlane.uasset" 138
"../../../Engine/Content/EditorMaterials/Camera/CineMat.uasset" 139
"../../../Engine/Content/EditorMaterials/Camera/MI_CineMat_CameraBody.uasset" 140
"../../../Engine/Content/EngineDebugMaterials/M_SimpleOpaque.uasset" 141
"../../../Engine/Content/EditorMaterials/Camera/MI_CineMat_CamViewFinder.uasset" 142
"../../../Engine/Content/EditorMeshes/Camera/SM_CineCam.uasset" 143
"../../../Engine/Content/EditorMaterials/Camera/MI_CineMat_Rig.uasset" 144
"../../../Engine/Content/EditorMeshes/Camera/SM_CraneRig_Arm.uasset" 145
"../../../Engine/Content/EditorMeshes/Camera/SM_CraneRig_Base.uasset" 146
"../../../Engine/Content/EditorMeshes/Camera/SM_CraneRig_Body.uasset" 147
"../../../Engine/Content/EditorMeshes/Camera/SM_CraneRig_Mount.uasset" 148
"../../../Engine/Content/EditorMeshes/Camera/SM_RailRig_Mount.uasset" 149
"../../../Engine/Content/EditorMeshes/Camera/SM_RailRig_Track.uasset" 150
"../../../Engine/Content/EditorMeshes/ColorCalibrator/M_ChromeBall.uasset" 151
"../../../Engine/Content/EditorResources/Bad.uasset" 152
"../../../Engine/Content/EditorResources/BSPVertex.uasset" 153
"../../../Engine/Content/EditorResources/EmptyActor.uasset" 154
"../../../Engine/Content/EditorResources/MatInstActSprite.uasset" 155
"../../../Engine/Content/EditorResources/SceneManager.uasset" 156
"../../../Engine/Content/EditorResources/SmallFont.uasset" 157
"../../../Engine/Content/EditorResources/S_Actor.uasset" 158
"../../../Engine/Content/EditorResources/S_CameraShakeSource.uasset" 159
"../../../Engine/Content/EditorResources/S_DecalActorIcon.uasset" 160
"../../../Engine/Content/EditorResources/S_Emitter.uasset" 161
"../../../Engine/Content/EditorResources/S_ExpoHeightFog.uasset" 162
"../../../Engine/Content/EditorResources/S_FTest.uasset" 163
"../../../Engine/Content/EditorResources/S_KBSJoint.uasset" 164
"../../../Engine/Content/EditorResources/S_KHinge.uasset" 165
"../../../Engine/Content/EditorResources/S_KPrismatic.uasset" 166
"../../../Engine/Content/EditorResources/S_LevelSequence.uasset" 167
"../../../Engine/Content/EditorResources/S_NavP.uasset" 168
"../../../Engine/Content/EditorResources/S_Note.uasset" 169
"../../../Engine/Content/EditorResources/S_Player.uasset" 170
"../../../Engine/Content/EditorResources/S_PortalActorIcon2.uasset" 171
"../../../Engine/Content/EditorResources/S_RadForce.uasset" 172
"../../../Engine/Content/EditorResources/S_ReflActorIcon.uasset" 173
"../../../Engine/Content/EditorResources/S_SkyAtmosphere.uasset" 174
"../../../Engine/Content/EditorResources/S_Solver.uasset" 175
"../../../Engine/Content/EditorResources/S_Terrain.uasset" 176
"../../../Engine/Content/EditorResources/S_TextRenderActorIcon.uasset" 177
"../../../Engine/Content/EditorResources/S_Thruster.uasset" 178
"../../../Engine/Content/EditorResources/S_Trigger.uasset" 179
"../../../Engine/Content/EditorResources/S_VectorFieldVol.uasset" 180
"../../../Engine/Content/EditorResources/S_WindDirectional.uasset" 181
"../../../Engine/Content/EditorResources/AI/S_NavLink.uasset" 182
"../../../Engine/Content/EditorResources/AudioIcons/S_AudioComponent_AutoActivate.uasset" 183
"../../../Engine/Content/EditorResources/LightIcons/SkyLight.uasset" 184
"../../../Engine/Content/EditorResources/LightIcons/S_LightDirectional.uasset" 185
"../../../Engine/Content/EditorResources/LightIcons/S_LightDirectionalMove.uasset" 186
"../../../Engine/Content/EditorResources/LightIcons/S_LightError.uasset" 187
"../../../Engine/Content/EditorResources/LightIcons/S_LightPoint.uasset" 188
"../../../Engine/Content/EditorResources/LightIcons/S_LightPointMove.uasset" 189
"../../../Engine/Content/EditorResources/LightIcons/S_LightSpot.uasset" 190
"../../../Engine/Content/EditorResources/LightIcons/S_LightSpotMove.uasset" 191
"../../../Engine/Content/EditorResources/SequenceRecorder/Countdown.uasset" 192
"../../../Engine/Content/EditorResources/SequenceRecorder/RecordingIndicator.uasset" 193
"../../../Engine/Content/EditorResources/Spline/T_Loft_Spline.uasset" 194
"../../../Engine/Content/EditorSounds/Notifications/CompileFailed.uasset" 195
"../../../Engine/Content/EditorSounds/Notifications/CompileFailed_Cue.uasset" 196
"../../../Engine/Content/EditorSounds/Notifications/CompileSuccess.uasset" 197
"../../../Engine/Content/EditorSounds/Notifications/CompileStart_Cue.uasset" 198
"../../../Engine/Content/EditorSounds/Notifications/CompileSuccess_Cue.uasset" 199
"../../../Engine/Content/EngineDamageTypes/DmgTypeBP_Environmental.uasset" 200
"../../../Engine/Content/EngineDebugMaterials/HeatmapGradient.uasset" 201
"../../../Engine/Content/EngineDebugMaterials/BoneWeightMaterial.uasset" 202
"../../../Engine/Content/EngineDebugMaterials/ClothMaterial.uasset" 203
"../../../Engine/Content/EngineDebugMaterials/ClothMaterial_WF.uasset" 204
"../../../Engine/Content/EngineDebugMaterials/DebugEditorMaterial.uasset" 205
"../../../Engine/Content/EngineDebugMaterials/DebugMeshMaterial.uasset" 206
"../../../Engine/Content/EngineDebugMaterials/GeomMaterial.uasset" 207
"../../../Engine/Content/EngineDebugMaterials/LevelColorationLitMaterial.uasset" 208
"../../../Engine/Content/EngineDebugMaterials/LevelColorationUnlitMaterial.uasset" 209
"../../../Engine/Content/EngineMaterials/DefaultWhiteGrid.uasset" 210
"../../../Engine/Content/EngineDebugMaterials/MAT_LevelColorationLitLightmapUV.uasset" 211
"../../../Engine/Content/EngineDebugMaterials/M_SimpleUnlitTranslucent.uasset" 212
"../../../Engine/Content/Functions/Engine_MaterialFunctions02/Utility/CameraDirectionVector.uasset" 213
"../../../Engine/Content/EngineDebugMaterials/VolumeToRender.uasset" 214
"../../../Engine/Content/EngineDebugMaterials/M_VolumeRenderSphereTracePP.uasset" 215
"../../../Engine/Content/EngineMaterials/DefaultWhiteGrid_Low.uasset" 216
"../../../Engine/Content/EngineDebugMaterials/PhysicalMaterialMaskMaterial.uasset" 217
"../../../Engine/Content/EngineDebugMaterials/ShadedLevelColorationLitMaterial.uasset" 218
"../../../Engine/Content/EngineDebugMaterials/ShadedLevelColorationUnlitMateri.uasset" 219
"../../../Engine/Content/EngineDebugMaterials/VertexColorMaterial.uasset" 220
"../../../Engine/Content/EngineDebugMaterials/VertexColorViewMode_AlphaAsColor.uasset" 221
"../../../Engine/Content/EngineDebugMaterials/VertexColorViewMode_BlueOnly.uasset" 222
"../../../Engine/Content/EngineDebugMaterials/VertexColorViewMode_ColorOnly.uasset" 223
"../../../Engine/Content/EngineDebugMaterials/VertexColorViewMode_GreenOnly.uasset" 224
"../../../Engine/Content/EngineDebugMaterials/VertexColorViewMode_RedOnly.uasset" 225
"../../../Engine/Content/EngineDebugMaterials/WireframeMaterial.uasset" 226
"../../../Engine/Content/EngineFonts/Faces/DroidSansFallback.uasset" 227
"../../../Engine/Content/EngineFonts/Faces/RobotoBold.uasset" 228
"../../../Engine/Content/EngineFonts/Faces/RobotoBoldItalic.uasset" 229
"../../../Engine/Content/EngineFonts/Faces/RobotoItalic.uasset" 230
"../../../Engine/Content/EngineFonts/Faces/RobotoLight.uasset" 231
"../../../Engine/Content/EngineFonts/Faces/RobotoRegular.uasset" 232
"../../../Engine/Content/EngineFonts/Roboto.uasset" 233
"../../../Engine/Content/EngineFonts/Faces/RobotoTiny.uasset" 234
"../../../Engine/Content/EngineFonts/RobotoTiny.uasset" 235
"../../../Engine/Content/EngineFonts/SmallFont.uasset" 236
"../../../Engine/Content/EngineFonts/TinyFont.uasset" 237
"../../../Engine/Content/EngineMaterials/BaseFlattenDiffuseMap.uasset" 238
"../../../Engine/Content/EngineMaterials/BaseFlattenEmissiveMap.uasset" 239
"../../../Engine/Content/EngineMaterials/BaseFlattenGrayscaleMap.uasset" 240
"../../../Engine/Content/EngineMaterials/BaseFlattenNormalMap.uasset" 241
"../../../Engine/Content/EngineMaterials/BaseFlattenMaterial.uasset" 242
"../../../Engine/Content/EngineResources/WhiteSquareTexture.uasset" 243
"../../../Engine/Content/EngineMaterials/BlinkingCaret.uasset" 244
"../../../Engine/Content/EngineMaterials/BlueNoise.uasset" 245
"../../../Engine/Content/EngineMaterials/DefaultBloomKernel.uasset" 246
"../../../Engine/Content/EngineMaterials/DefaultBokeh.uasset" 247
"../../../Engine/Content/EngineMaterials/DefaultDeferredDecalMaterial.uasset" 248
"../../../Engine/Content/EngineMaterials/DefaultLightFunctionMaterial.uasset" 249
"../../../Engine/Content/EngineMaterials/DefaultNormal.uasset" 250
"../../../Engine/Content/EngineMaterials/DefaultPostProcessMaterial.uasset" 251
"../../../Engine/Content/EngineFonts/RobotoDistanceField.uasset" 252
"../../../Engine/Content/EngineMaterials/DefaultTextMaterialOpaque.uasset" 253
"../../../Engine/Content/EngineMaterials/EditorBrushMaterial.uasset" 254
"../../../Engine/Content/EngineMaterials/EmissiveMeshMaterial.uasset" 255
"../../../Engine/Content/EngineMaterials/GizmoMaterial.uasset" 256
"../../../Engine/Content/EngineMaterials/Good64x64TilingNoiseHighFreq.uasset" 257
"../../../Engine/Content/EngineMaterials/Grid_N.uasset" 258
"../../../Engine/Content/EngineMaterials/HighResolutionScreenshotMaskFunction.uasset" 259
"../../../Engine/Content/EngineMaterials/HighResScreenshot.uasset" 260
"../../../Engine/Content/EngineMaterials/HighResScreenshotCaptureRegion.uasset" 261
"../../../Engine/Content/EngineMaterials/HighResScreenshotMask.uasset" 262
"../../../Engine/Content/EngineMaterials/LandscapeHolePhysicalMaterial.uasset" 263
"../../../Engine/Content/EngineMaterials/InvalidLightmapSettings.uasset" 264
"../../../Engine/Content/EngineMaterials/M_InvalidLightmapSettings.uasset" 265
"../../../Engine/Content/EngineMaterials/PaperDiffuse.uasset" 266
"../../../Engine/Content/EngineMaterials/PaperNormal.uasset" 267
"../../../Engine/Content/Functions/Engine_MaterialFunctions02/WorldPositionOffset/CameraOffset.uasset" 268
"../../../Engine/Content/EngineMaterials/PhAT_JointLimitMaterial.uasset" 269
"../../../Engine/Content/EngineMaterials/PhysMat_Rubber.uasset" 270
"../../../Engine/Content/EngineMaterials/PreintegratedSkinBRDF.uasset" 271
"../../../Engine/Content/EngineMaterials/RemoveSurfaceMaterial.uasset" 272
"../../../Engine/Content/EngineMaterials/WeightMapPlaceholderTexture.uasset" 273
"../../../Engine/Content/Functions/Engine_MaterialFunctions01/ImageAdjustment/sRGBToLinear.uasset" 274
"../../../Engine/Content/Functions/Engine_MaterialFunctions02/Utility/BreakOutFloat3Components.uasset" 275
"../../../Engine/Content/EngineMaterials/Widget3DCameraPassThrough_Opaque_OneSided.uasset" 276
"../../../Engine/Content/EngineMaterials/Widget3DPassThrough.uasset" 277
"../../../Engine/Content/EngineMaterials/Widget3DPassThrough_Masked.uasset" 278
"../../../Engine/Content/EngineMaterials/Widget3DPassThrough_Opaque.uasset" 279
"../../../Engine/Content/EngineMaterials/Widget3DPassThrough_Masked_OneSided.uasset" 280
"../../../Engine/Content/EngineMaterials/Widget3DPassThrough_Opaque_OneSided.uasset" 281
"../../../Engine/Content/EngineMaterials/Widget3DPassThrough_Translucent.uasset" 282
"../../../Engine/Content/EngineMaterials/Widget3DPassThrough_Translucent_OneSided.uasset" 283
"../../../Engine/Content/EngineMeshes/Cylinder.uasset" 284
"../../../Engine/Content/EngineMeshes/Sphere.uasset" 285
"../../../Engine/Content/EngineResources/Black.uasset" 286
"../../../Engine/Content/EngineResources/DefaultTexture.uasset" 287
"../../../Engine/Content/EngineResources/DefaultTextureCube.uasset" 288
"../../../Engine/Content/EngineResources/DefaultVolumeTexture2D.uasset" 289
"../../../Engine/Content/EngineResources/DefaultVolumeTexture.uasset" 290
"../../../Engine/Content/EngineResources/GradientTexture0.uasset" 291
"../../../Engine/Content/EngineResources/StreamingPauseIcon.uasset" 292
"../../../Engine/Content/EngineResources/M_StreamingPause.uasset" 293
"../../../Engine/Content/EngineSounds/Master.uasset" 294
"../../../Engine/Content/Functions/Engine_MaterialFunctions01/Shading/PowerToRoughness.uasset" 295
"../../../Engine/Content/Maps/Templates/Thumbnails/Default.uasset" 296
"../../../Engine/Content/Maps/Templates/Thumbnails/TimeOfDay.uasset" 297
"../../../Engine/Content/Maps/Templates/Thumbnails/VR-Basic.uasset" 298
"../../../Engine/Content/MapTemplates/Sky/DaylightAmbientCubemap.uasset" 299
"../../../Engine/Content/MobileResources/T_MobileControls_texture.uasset" 300
"../../../Engine/Content/MobileResources/T_MobileMenu2.uasset" 301
"../../../Engine/Content/MobileResources/HUD/AnalogHat.uasset" 302
"../../../Engine/Content/MobileResources/HUD/VirtualJoystick_Background.uasset" 303
"../../../Engine/Content/MobileResources/HUD/VirtualJoystick_Thumb.uasset" 304
"../../../Engine/Content/MobileResources/HUD/DefaultVirtualJoysticks.uasset" 305
"../../../Engine/Content/MobileResources/HUD/LeftVirtualJoystickOnly.uasset" 306
"../../../Engine/Content/MobileResources/HUD/MobileHUDButton1_off.uasset" 307
"../../../Engine/Content/MobileResources/HUD/MobileHUDButton1_on.uasset" 308
"../../../Engine/Content/MobileResources/HUD/MobileHUDButton2_off.uasset" 309
"../../../Engine/Content/MobileResources/HUD/MobileHUDButton2_on.uasset" 310
"../../../Engine/Content/MobileResources/HUD/MobileHUDButton3.uasset" 311
"../../../Engine/Content/MobileResources/HUD/MobileHUDButtonFire.uasset" 312
"../../../Engine/Content/MobileResources/HUD/MobileHUDDirectionPad.uasset" 313
"../../../Engine/Content/MobileResources/HUD/MobileHUDDirectionPad2.uasset" 314
"../../../Engine/Content/MobileResources/HUD/MobileHUDDirectionPad3.uasset" 315
"../../../Engine/Content/MobileResources/HUD/MobileHUDDirectionStick.uasset" 316
"../../../Engine/Content/MobileResources/HUD/T_Castle_ThumbstickInner.uasset" 317
"../../../Engine/Content/MobileResources/HUD/T_Castle_ThumbstickOutter.uasset" 318
"../../../Engine/Content/Tutorial/ContentIntroCurve.uasset" 319
"../../../Engine/Content/Tutorial/Basics/LevelEditorAttract.uasset" 320
"../../../Engine/Content/Tutorial/Basics/TutorialAssets/icon_tab_Levels_40x.uasset" 321
"../../../Engine/Content/Tutorial/Basics/LevelEditorOverview.uasset" 322
"../../../Engine/Content/Tutorial/BlueprintTutorials/TutorialAssets/Blueprint_64x.uasset" 323
"../../../Engine/Content/Tutorial/BlueprintTutorials/BlueprintEditorTutorial.uasset" 324
"../../../Engine/Content/Tutorial/BlueprintTutorials/LevelBlueprintEditorOverview.uasset" 325
"../../../Engine/Content/Tutorial/BlueprintTutorials/TutorialAssets/Tutorial_BP_MacroLib.uasset" 326
"../../../Engine/Content/VREditor/LaserPointer/VR_LaserPower_01.uasset" 327
"../../../Engine/Content/VREditor/TransformGizmo/TransformGizmoMaterial.uasset" 328
"../../../Engine/Content/VREditor/TransformGizmo/TranslucentTransformGizmoMaterial.uasset" 329
"../../../Engine/Content/VREditor/TransformGizmo/BoundingBoxCorner.uasset" 330
"../../../Engine/Content/VREditor/TransformGizmo/BoundingBoxEdge.uasset" 331
"../../../Engine/Content/VREditor/TransformGizmo/PlaneTranslationHandle.uasset" 332
"../../../Engine/Content/VREditor/TransformGizmo/Main.uasset" 333
"../../../Engine/Content/VREditor/TransformGizmo/Xray.uasset" 334
"../../../Engine/Content/VREditor/TransformGizmo/SM_Sequencer_Key.uasset" 335
"../../../Engine/Content/VREditor/TransformGizmo/SM_Sequencer_Node.uasset" 336
"D:/Unreal Projects/PQJAM/PQJAM2021/Content/PolygonCity/Textures/T_PolygonCity_Emissive_01.uasset" 337
"D:/Unreal Projects/PQJAM/PQJAM2021/Content/PolygonCity/Textures/T_PolygonCity_Texture_01_A.uasset" 338
"D:/Unreal Projects/PQJAM/PQJAM2021/Content/PolygonCity/Textures/T_PolygonCity_Texture_Metallic.uasset" 339
"D:/Unreal Projects/PQJAM/PQJAM2021/Content/PolygonCity/Textures/T_PolygonCity_Texture_Normal_01.uasset" 340
"D:/Unreal Projects/PQJAM/PQJAM2021/Content/PolygonCity/Textures/T_PolygonCity_Texture_Roughness.uasset" 341
"D:/Unreal Projects/PQJAM/PQJAM2021/Content/PolygonCity/Materials/Mat_PolygonCity_Texture_01_A.uasset" 342
"D:/Unreal Projects/PQJAM/PQJAM2021/Content/PolygonCity/Meshes/Buildings/SM_Bld_OfficeOld_Large_Base_01.uasset" 343
"D:/Unreal Projects/PQJAM/PQJAM2021/Content/PoseAnimations/Animations/Enum_Action.uasset" 344
"../../Plugins/2D/Paper2D/Content/PlaceholderTextures/DummySpriteTexture.uasset" 345
"../../Plugins/2D/Paper2D/Content/DummySprite.uasset" 346
"../../Plugins/2D/Paper2D/Content/DefaultPaperTerrainMaterial.uasset" 347
"../../Plugins/2D/Paper2D/Content/DefaultSpriteMaterial.uasset" 348
"../../Plugins/2D/Paper2D/Content/MaskedUnlitSpriteMaterial.uasset" 349
"../../Plugins/2D/Paper2D/Content/OpaqueUnlitSpriteMaterial.uasset" 350
"../../Plugins/FX/Niagara/Content/Enums/ENiagaraAnimTrailWidthMode.uasset" 351
"../../Plugins/FX/Niagara/Content/Enums/ENiagaraBoneSamplingMode.uasset" 352
"../../Plugins/FX/Niagara/Content/Enums/ENiagaraBoneSocketSamplingMode.uasset" 353
"../../Plugins/FX/Niagara/Content/Enums/ENiagaraBooleanLogicOps.uasset" 354
"../../Plugins/FX/Niagara/Content/Enums/ENiagaraBooleanLogicOps_v2.uasset" 355
"../../Plugins/FX/Niagara/Content/Enums/ENiagaraCalculateRadiusOptions.uasset" 356
"../../Plugins/FX/Niagara/Content/Enums/ENiagaraChannelCorrelation.uasset" 357
"../../Plugins/FX/Niagara/Content/Enums/ENiagaraCollisionRadiusOptions.uasset" 358
"../../Plugins/FX/Niagara/Content/Enums/ENiagaraCoordinateSpace.uasset" 359
"../../Plugins/FX/Niagara/Content/Enums/ENiagaraCurlNoiseQuality.uasset" 360
"../../Plugins/FX/Niagara/Content/Enums/ENiagaraEmitterLifeCycleMode.uasset" 361
"../../Plugins/FX/Niagara/Content/Enums/ENiagaraEmitterScalabilityMode.uasset" 362
"../../Plugins/FX/Niagara/Content/Enums/ENiagaraEmitterScalabilityMode_Limited.uasset" 363
"../../Plugins/FX/Niagara/Content/Enums/ENiagaraExecutionStateManagement.uasset" 364
"../../Plugins/FX/Niagara/Content/Enums/ENiagaraExpansionMode.uasset" 365
"../../Plugins/FX/Niagara/Content/Enums/ENiagaraFrictionMergeType.uasset" 366
"../../Plugins/FX/Niagara/Content/Enums/ENiagaraGPUDepthResponseType.uasset" 367
"../../Plugins/FX/Niagara/Content/Enums/ENiagaraGridPlacementType.uasset" 368
"../../Plugins/FX/Niagara/Content/Enums/ENiagaraInactiveMode.uasset" 369
"../../Plugins/FX/Niagara/Content/Enums/ENiagaraKillVolumeOptions.uasset" 370
"../../Plugins/FX/Niagara/Content/Enums/ENiagaraLinearColor_Channels.uasset" 371
"../../Plugins/FX/Niagara/Content/Enums/ENiagaraMassByVolume.uasset" 372
"../../Plugins/FX/Niagara/Content/Enums/ENiagaraMassCalculationForRendererTypes.uasset" 373
"../../Plugins/FX/Niagara/Content/Enums/ENiagaraMeshOrSprite.uasset" 374
"../../Plugins/FX/Niagara/Content/Enums/ENiagaraMeshSamplingMode.uasset" 375
"../../Plugins/FX/Niagara/Content/Enums/ENiagaraMeshSurfaceSamplingMode.uasset" 376
"../../Plugins/FX/Niagara/Content/Enums/ENiagaraMeshTransforms.uasset" 377
"../../Plugins/FX/Niagara/Content/Enums/ENiagaraMinOrMax.uasset" 378
"../../Plugins/FX/Niagara/Content/Enums/ENiagaraOrientationAxis.uasset" 379
"../../Plugins/FX/Niagara/Content/Enums/ENiagaraRandomnessMode.uasset" 380
"../../Plugins/FX/Niagara/Content/Enums/ENiagaraRestitutionMergeType.uasset" 381
"../../Plugins/FX/Niagara/Content/Enums/ENiagaraScaleColorMode.uasset" 382
"../../Plugins/FX/Niagara/Content/Enums/ENiagaraSimulationTarget.uasset" 383
"../../Plugins/FX/Niagara/Content/Enums/ENiagaraSkeletalSpawning.uasset" 384
"../../Plugins/FX/Niagara/Content/Enums/ENiagaraSkelSamplingFilteringMode.uasset" 385
"../../Plugins/FX/Niagara/Content/Enums/ENiagaraSkelSamplingModeFull.uasset" 386
"../../Plugins/FX/Niagara/Content/Enums/ENiagaraSocketSamplingMode.uasset" 387
"../../Plugins/FX/Niagara/Content/Enums/ENiagaraSUbUVAnimationMode.uasset" 388
"../../Plugins/FX/Niagara/Content/Enums/ENiagaraSystemInactiveMode.uasset" 389
"../../Plugins/FX/Niagara/Content/Enums/ENiagaraTorusDistributionMode.uasset" 390
"../../Plugins/FX/Niagara/Content/Enums/ENiagaraTorusMode.uasset" 391
"../../Plugins/FX/Niagara/Content/Enums/ENiagaraTriangleSamplingMode.uasset" 392
"../../Plugins/FX/Niagara/Content/Enums/ENiagaraVector2_Channels.uasset" 393
"../../Plugins/FX/Niagara/Content/Enums/ENiagaraVector3_Channels.uasset" 394
"../../Plugins/FX/Niagara/Content/Enums/ENiagaraVector4_Channels.uasset" 395
"../../Plugins/FX/Niagara/Content/Enums/ENiagaraVertexFilteringMode.uasset" 396
"../../Plugins/FX/Niagara/Content/Enums/ENiagaraVertexSamplingMode.uasset" 397
"../../Plugins/FX/Niagara/Content/Enums/ENiagara_CameraMeshOrientation.uasset" 398
"../../Plugins/FX/Niagara/Content/Enums/ENiagara_CameraProperties.uasset" 399
"../../Plugins/FX/Niagara/Content/Enums/ENiagara_CollisionType.uasset" 400
"../../Plugins/FX/Niagara/Content/Enums/ENiagara_CPUCollisionType.uasset" 401
"../../Plugins/FX/Niagara/Content/Enums/ENiagara_EmitterStateOptions.uasset" 402
"../../Plugins/FX/Niagara/Content/Enums/ENiagara_Float4Channel.uasset" 403
"../../Plugins/FX/Niagara/Content/Enums/ENiagara_GPUCollisionType.uasset" 404
"../../Plugins/FX/Niagara/Content/Enums/ENiagara_InfiniteLoopDuration.uasset" 405
"../../Plugins/FX/Niagara/Content/Icons/S_ParticleSystem.uasset" 406
"../../../Engine/Content/Functions/Engine_MaterialFunctions02/Utility/BreakOutFloat4Components.uasset" 407
"../../Plugins/Runtime/Oculus/OculusVR/Content/Materials/OculusMR_ChromaKey.uasset" 408
"../../Plugins/Runtime/Oculus/OculusVR/Content/Materials/OculusMR_ChromaKey_Lit.uasset" 409
"../../Plugins/Runtime/Oculus/OculusVR/Content/Materials/OculusMR_OpaqueColoredMaterial.uasset" 410
"../../Plugins/Runtime/Oculus/OculusVR/Content/Materials/OculusMR_WhiteMaterial.uasset" 411
"../../../Engine/Content/Maps/Entry_BuiltData.uasset" 412
"../../../Engine/Content/Maps/Entry.umap" 413
"../../../Engine/Content/Animation/DefaultAnimBoneCompressionSettings.uasset" 414
"../../../Engine/Content/EngineMeshes/Humanoid.uasset" 415
"D:/Unreal Projects/PQJAM/PQJAM2021/Content/PolygonCity/Meshes/Characters/SK_Character_City_Rig.uasset" 416
"D:/Unreal Projects/PQJAM/PQJAM2021/Content/Assets/Animation/ThirdPerson_Jump1.uasset" 417
"D:/Unreal Projects/PQJAM/PQJAM2021/Content/Assets/Animation/ThirdPersonJump_Loop1.uasset" 418
"D:/Unreal Projects/PQJAM/PQJAM2021/Content/Assets/Animation/ThirdPersonJump_Start1.uasset" 419
"D:/Unreal Projects/PQJAM/PQJAM2021/Content/Assets/Animation/ThirdPersonIdle1.uasset" 420
"D:/Unreal Projects/PQJAM/PQJAM2021/Content/Assets/Animation/ThirdPersonRun1.uasset" 421
"D:/Unreal Projects/PQJAM/PQJAM2021/Content/Assets/Animation/ThirdPersonWalk1.uasset" 422
"D:/Unreal Projects/PQJAM/PQJAM2021/Content/Assets/Animation/ThirdPerson_IdleRun_2D1.uasset" 423
"D:/Unreal Projects/PQJAM/PQJAM2021/Content/Assets/Animation/ThirdPerson_AnimBP1.uasset" 424
"D:/Unreal Projects/PQJAM/PQJAM2021/Content/PolygonTown/Meshes/Characters/SK_Character_Town_Skeleton.uasset" 425
"D:/Unreal Projects/PQJAM/PQJAM2021/Content/Assets/Animation/ThirdPerson_Jump.uasset" 426
"D:/Unreal Projects/PQJAM/PQJAM2021/Content/Assets/Animation/ThirdPersonJump_Loop.uasset" 427
"D:/Unreal Projects/PQJAM/PQJAM2021/Content/Assets/Animation/ThirdPersonJump_Start.uasset" 428
"D:/Unreal Projects/PQJAM/PQJAM2021/Content/Assets/Animation/ThirdPersonIdle.uasset" 429
"D:/Unreal Projects/PQJAM/PQJAM2021/Content/Assets/Animation/ThirdPersonRun.uasset" 430
"D:/Unreal Projects/PQJAM/PQJAM2021/Content/Assets/Animation/ThirdPersonWalk.uasset" 431
"D:/Unreal Projects/PQJAM/PQJAM2021/Content/Assets/Animation/ThirdPerson_IdleRun_2D.uasset" 432
"D:/Unreal Projects/PQJAM/PQJAM2021/Content/Assets/Animation/ThirdPerson_AnimBP2.uasset" 433
"D:/Unreal Projects/PQJAM/PQJAM2021/Content/Blueprint/DefaultCharacter/Animation/ThirdPerson_Jump.uasset" 434
"D:/Unreal Projects/PQJAM/PQJAM2021/Content/Blueprint/DefaultCharacter/Animation/ThirdPersonJump_Loop.uasset" 435
"D:/Unreal Projects/PQJAM/PQJAM2021/Content/Blueprint/DefaultCharacter/Animation/ThirdPersonJump_Start.uasset" 436
"D:/Unreal Projects/PQJAM/PQJAM2021/Content/Blueprint/DefaultCharacter/Animation/ThirdPersonIdle.uasset" 437
"D:/Unreal Projects/PQJAM/PQJAM2021/Content/Blueprint/DefaultCharacter/Animation/ThirdPersonRun.uasset" 438
"D:/Unreal Projects/PQJAM/PQJAM2021/Content/Blueprint/DefaultCharacter/Animation/ThirdPersonWalk.uasset" 439
"D:/Unreal Projects/PQJAM/PQJAM2021/Content/Blueprint/DefaultCharacter/Animation/ThirdPerson_IdleRun_2D.uasset" 440
"D:/Unreal Projects/PQJAM/PQJAM2021/Content/Blueprint/DefaultCharacter/Animation/DefaultCharacterAnim2.uasset" 441
"D:/Unreal Projects/PQJAM/PQJAM2021/Content/PolygonCity/Meshes/Vehicles_Rigged/SK_Veh_Car_Van_01_Skeleton.uasset" 442
"D:/Unreal Projects/PQJAM/PQJAM2021/Content/Blueprint/Vehicle/VehicleAnim.uasset" 443
"D:/Unreal Projects/PQJAM/PQJAM2021/Content/Blueprint/DefaultCharacter/NPC/PathFollower/PathFollowerBlackboard.uasset" 444
"D:/Unreal Projects/PQJAM/PQJAM2021/Content/Blueprint/DefaultCharacter/NPC/PathFollower/Path/PathNode.uasset" 445
"D:/Unreal Projects/PQJAM/PQJAM2021/Content/Blueprint/DefaultCharacter/NPC/PathFollower/FindNextNode.uasset" 446
"D:/Unreal Projects/PQJAM/PQJAM2021/Content/Blueprint/DefaultCharacter/NPC/PathFollower/SetRandomNode.uasset" 447
"D:/Unreal Projects/PQJAM/PQJAM2021/Content/Blueprint/DefaultCharacter/NPC/PathFollower/PathFollowerBehaviourTree.uasset" 448
"D:/Unreal Projects/PQJAM/PQJAM2021/Content/Blueprint/DefaultCharacter/NPC/PathFollower/AI_Controller_NPC_PathFollower.uasset" 449
"D:/Unreal Projects/PQJAM/PQJAM2021/Content/Assets/Sounds/Ai_caralho_forte.uasset" 450
"D:/Unreal Projects/PQJAM/PQJAM2021/Content/Assets/Sounds/Ai_caralho_fraco.uasset" 451
"D:/Unreal Projects/PQJAM/PQJAM2021/Content/Assets/Sounds/Dying-Sound-Effect-2.uasset" 452
"D:/Unreal Projects/PQJAM/PQJAM2021/Content/Assets/Sounds/Dying-Sound-Effect-3.uasset" 453
"D:/Unreal Projects/PQJAM/PQJAM2021/Content/Assets/Sounds/Dying-Sound-Effect-4.uasset" 454
"D:/Unreal Projects/PQJAM/PQJAM2021/Content/Assets/Sounds/Dying-Sound-Effect-5.uasset" 455
"D:/Unreal Projects/PQJAM/PQJAM2021/Content/Assets/Sounds/Dying_Sound_Effect_1.uasset" 456
"D:/Unreal Projects/PQJAM/PQJAM2021/Content/PolygonCity/Meshes/Characters/SK_Character_BusinessMan_Shirt_PhysicsAsset.uasset" 457
"D:/Unreal Projects/PQJAM/PQJAM2021/Content/PolygonCity/Meshes/Characters/SK_Character_BusinessMan_Shirt.uasset" 458
"D:/Unreal Projects/PQJAM/PQJAM2021/Content/PolygonCity/Meshes/Characters/SK_Character_BusinessMan_Suit_PhysicsAsset.uasset" 459
"D:/Unreal Projects/PQJAM/PQJAM2021/Content/PolygonCity/Meshes/Characters/SK_Character_BusinessMan_Suit.uasset" 460
"D:/Unreal Projects/PQJAM/PQJAM2021/Content/PolygonCity/Meshes/Characters/SK_Character_BusinessWoman_PhysicsAsset.uasset" 461
"D:/Unreal Projects/PQJAM/PQJAM2021/Content/PolygonCity/Meshes/Characters/SK_Character_BusinessWoman.uasset" 462
"D:/Unreal Projects/PQJAM/PQJAM2021/Content/PolygonCity/Meshes/Characters/SK_Character_Female_Coat_PhysicsAsset.uasset" 463
"D:/Unreal Projects/PQJAM/PQJAM2021/Content/PolygonCity/Meshes/Characters/SK_Character_Female_Coat.uasset" 464
"D:/Unreal Projects/PQJAM/PQJAM2021/Content/PolygonCity/Meshes/Characters/SK_Character_Female_Jacket_PhysicsAsset.uasset" 465
"D:/Unreal Projects/PQJAM/PQJAM2021/Content/PolygonCity/Meshes/Characters/SK_Character_Female_Jacket.uasset" 466
"D:/Unreal Projects/PQJAM/PQJAM2021/Content/PolygonCity/Meshes/Characters/SK_Character_Male_Hoodie_PhysicsAsset.uasset" 467
"D:/Unreal Projects/PQJAM/PQJAM2021/Content/PolygonCity/Meshes/Characters/SK_Character_Male_Hoodie.uasset" 468
"D:/Unreal Projects/PQJAM/PQJAM2021/Content/PolygonCity/Meshes/Characters/SK_Character_Male_Jacket_PhysicsAsset.uasset" 469
"D:/Unreal Projects/PQJAM/PQJAM2021/Content/PolygonCity/Meshes/Characters/SK_Character_Male_Jacket.uasset" 470
"D:/Unreal Projects/PQJAM/PQJAM2021/Content/PolygonTown/Textures/Misc/T_PolygonTown_Emissive_01.uasset" 471
"D:/Unreal Projects/PQJAM/PQJAM2021/Content/PolygonTown/Textures/Misc/T_PolygonTown_Metallic.uasset" 472
"D:/Unreal Projects/PQJAM/PQJAM2021/Content/PolygonTown/Textures/Misc/T_PolygonTown_Normal_A.uasset" 473
"D:/Unreal Projects/PQJAM/PQJAM2021/Content/PolygonTown/Textures/Misc/T_PolygonTown_Roughness.uasset" 474
"D:/Unreal Projects/PQJAM/PQJAM2021/Content/PolygonTown/Textures/T_PolygonTown_01_A.uasset" 475
"D:/Unreal Projects/PQJAM/PQJAM2021/Content/PolygonTown/Materials/Mat_PolygonTown_01_A.uasset" 476
"D:/Unreal Projects/PQJAM/PQJAM2021/Content/PolygonTown/Meshes/Characters/SK_Character_Town_PhysicsAsset.uasset" 477
"D:/Unreal Projects/PQJAM/PQJAM2021/Content/PolygonTown/Meshes/Characters/SK_Character_Daughter_01.uasset" 478
"D:/Unreal Projects/PQJAM/PQJAM2021/Content/PolygonTown/Meshes/Characters/SK_Character_Father_01.uasset" 479
"D:/Unreal Projects/PQJAM/PQJAM2021/Content/PolygonTown/Meshes/Characters/SK_Character_Father_02.uasset" 480
"D:/Unreal Projects/PQJAM/PQJAM2021/Content/PolygonTown/Meshes/Characters/SK_Character_Mother_01.uasset" 481
"D:/Unreal Projects/PQJAM/PQJAM2021/Content/PolygonTown/Meshes/Characters/SK_Character_Mother_02.uasset" 482
"D:/Unreal Projects/PQJAM/PQJAM2021/Content/PolygonTown/Meshes/Characters/SK_Character_SchoolBoy_01.uasset" 483
"D:/Unreal Projects/PQJAM/PQJAM2021/Content/PolygonTown/Meshes/Characters/SK_Character_SchoolGirl_01.uasset" 484
"D:/Unreal Projects/PQJAM/PQJAM2021/Content/PolygonTown/Meshes/Characters/SK_Character_Son_01.uasset" 485
"D:/Unreal Projects/PQJAM/PQJAM2021/Content/Blueprint/DefaultCharacter/NPC/PathFollower/NPC_2_PathFollower.uasset" 486
"D:/Unreal Projects/PQJAM/PQJAM2021/Content/Blueprint/DefaultCharacter/NPC/PathFollower/Spline/BP_Spline.uasset" 487
"D:/Unreal Projects/PQJAM/PQJAM2021/Content/Assets/Sounds/SNCRASH2.uasset" 488
"D:/Unreal Projects/PQJAM/PQJAM2021/Content/PolygonCity/Materials/Mat_PolygonCity_Glass_Car_Windows.uasset" 489
"D:/Unreal Projects/PQJAM/PQJAM2021/Content/PolygonCity/Meshes/Vehicles_Rigged/SK_Veh_Car_Muscle_01_PhysicsAsset.uasset" 490
"D:/Unreal Projects/PQJAM/PQJAM2021/Content/PolygonCity/Meshes/Vehicles_Rigged/SK_Veh_Car_Muscle_01_Skeleton.uasset" 491
"D:/Unreal Projects/PQJAM/PQJAM2021/Content/PolygonCity/Meshes/Vehicles_Rigged/SK_Veh_Car_Muscle_01.uasset" 492
"D:/Unreal Projects/PQJAM/PQJAM2021/Content/Blueprint/DefaultCharacter/NPC/PathFollower/Spline/NPC_3_Spline.uasset" 493
"D:/Unreal Projects/PQJAM/PQJAM2021/Content/Assets/Sounds/Loser-Sound-Effect.uasset" 494
"D:/Unreal Projects/PQJAM/PQJAM2021/Content/Blueprint/GameBP/GameOver.uasset" 495
"D:/Unreal Projects/PQJAM/PQJAM2021/Content/Blueprint/HUD/PinClipart_com_cardiac-arrest-clip-art_2004257.uasset" 496
"D:/Unreal Projects/PQJAM/PQJAM2021/Content/Blueprint/HUD/HUD.uasset" 497
"D:/Unreal Projects/PQJAM/PQJAM2021/Content/PolygonTown/Meshes/Characters/SK_Character_ShopKeeper_01.uasset" 498
"D:/Unreal Projects/PQJAM/PQJAM2021/Content/Blueprint/DefaultCharacter/PlayerThirdPersonCharacterBP.uasset" 499
"D:/Unreal Projects/PQJAM/PQJAM2021/Content/Blueprint/Vehicle/WheelSettings.uasset" 500
"D:/Unreal Projects/PQJAM/PQJAM2021/Content/PolygonCity/Meshes/Vehicles_Rigged/SK_Veh_Car_Van_01_PhysicsAsset.uasset" 501
"D:/Unreal Projects/PQJAM/PQJAM2021/Content/PolygonCity/Meshes/Vehicles_Rigged/SK_Veh_Car_Van_01.uasset" 502
"D:/Unreal Projects/PQJAM/PQJAM2021/Content/Blueprint/Vehicle/Vehicle.uasset" 503
"../../../Engine/Content/BasicShapes/BasicShapeMaterial.uasset" 504
"../../../Engine/Content/BasicShapes/Sphere.uasset" 505
"D:/Unreal Projects/PQJAM/PQJAM2021/Content/PolygonCity/Meshes/Characters/SK_Character_Female_Police_PhysicsAsset.uasset" 506
"D:/Unreal Projects/PQJAM/PQJAM2021/Content/Blueprint/DefaultCharacter/NPC/NPC_1_RandomMoving.uasset" 507
"../../../Engine/Content/EngineSky/C_Sky_Cloud_Color.uasset" 508
"../../../Engine/Content/EngineSky/C_Sky_Horizon_Color.uasset" 509
"../../../Engine/Content/EngineSky/C_Sky_Zenith_Color.uasset" 510
"../../../Engine/Content/EngineSky/T_Sky_Blue.uasset" 511
"../../../Engine/Content/EngineSky/T_Sky_Clouds_M.uasset" 512
"../../../Engine/Content/EngineSky/T_Sky_Stars.uasset" 513
"../../../Engine/Content/EngineSky/M_Sky_Panning_Clouds2.uasset" 514
"../../../Engine/Content/EngineSky/SM_SkySphere.uasset" 515
"../../../Engine/Content/EngineSky/BP_Sky_Sphere.uasset" 516
"D:/Unreal Projects/PQJAM/PQJAM2021/Content/PolygonTown/Meshes/Environment/SM_Env_Fence_Wood_Straight_01.uasset" 517
"D:/Unreal Projects/PQJAM/PQJAM2021/Content/Assets/Mapa/Fence.uasset" 518
"../../../Engine/Content/Functions/Engine_MaterialFunctions01/Gradient/LinearGradient.uasset" 519
"../../../Engine/Content/Functions/Engine_MaterialFunctions01/ImageAdjustment/CheapContrast.uasset" 520
"../../../Engine/Content/Functions/Engine_MaterialFunctions01/Texturing/WorldAlignedTexture.uasset" 521
"../../../Engine/Content/Functions/Engine_MaterialFunctions02/Texturing/CustomRotator.uasset" 522
"D:/Unreal Projects/PQJAM/PQJAM2021/Content/LPSDeluxe2TropicalEnvironment/LPSD2_Textures/T_LPSNoise.uasset" 523
"D:/Unreal Projects/PQJAM/PQJAM2021/Content/LPSDeluxe2TropicalEnvironment/LPSD2_Materials/SpecialMaterials/2SidedMaterials/M_2Side_Master.uasset" 524
"D:/Unreal Projects/PQJAM/PQJAM2021/Content/LPSDeluxe2TropicalEnvironment/LPSD2_Materials/SpecialMaterials/2SidedMaterials/MI_2Side_Brown.uasset" 525
"D:/Unreal Projects/PQJAM/PQJAM2021/Content/Assets/Mapa/Color_Palet.uasset" 526
"D:/Unreal Projects/PQJAM/PQJAM2021/Content/Assets/Mapa/Material.uasset" 527
"D:/Unreal Projects/PQJAM/PQJAM2021/Content/Assets/Mapa/roads_v2.uasset" 528
"D:/Unreal Projects/PQJAM/PQJAM2021/Content/Geometry/Meshes/CubeMaterial.uasset" 529
"D:/Unreal Projects/PQJAM/PQJAM2021/Content/Geometry/Meshes/1M_Cube.uasset" 530
"D:/Unreal Projects/PQJAM/PQJAM2021/Content/PoseAnimations/UE4Defult/Geometry/Meshes/CubeMaterial.uasset" 531
"D:/Unreal Projects/PQJAM/PQJAM2021/Content/PoseAnimations/UE4Defult/Geometry/Meshes/1M_Cube.uasset" 532
"D:/Unreal Projects/PQJAM/PQJAM2021/Content/Assets/Mapa/Roads.uasset" 533
"D:/Unreal Projects/PQJAM/PQJAM2021/Content/Assets/Mapa/SideWalk/road_assets_Sidewalk.uasset" 534
"D:/Unreal Projects/PQJAM/PQJAM2021/Content/Assets/Mapa/SideWalk/road_assets_Sidewalk_Corner.uasset" 535
"D:/Unreal Projects/PQJAM/PQJAM2021/Content/PolygonCity/Meshes/Buildings/SM_Bld_Apartment_02.uasset" 536
"D:/Unreal Projects/PQJAM/PQJAM2021/Content/PolygonCity/Meshes/Buildings/SM_Bld_Apartment_03.uasset" 537
"D:/Unreal Projects/PQJAM/PQJAM2021/Content/PolygonCity/Meshes/Buildings/SM_Bld_Apartment_Door_Corner_01.uasset" 538
"D:/Unreal Projects/PQJAM/PQJAM2021/Content/PolygonCity/Meshes/Buildings/SM_Bld_Apartment_Stack_01.uasset" 539
"D:/Unreal Projects/PQJAM/PQJAM2021/Content/PolygonCity/Meshes/Buildings/SM_Bld_Apartment_Stack_03.uasset" 540
"D:/Unreal Projects/PQJAM/PQJAM2021/Content/PolygonCity/Meshes/Buildings/SM_Bld_CityHall_01.uasset" 541
"D:/Unreal Projects/PQJAM/PQJAM2021/Content/PolygonCity/Meshes/Environments/SM_Env_Tree_02.uasset" 542
"D:/Unreal Projects/PQJAM/PQJAM2021/Content/PolygonCity/Meshes/Props/SM_Prop_Mailbox_01.uasset" 543
"D:/Unreal Projects/PQJAM/PQJAM2021/Content/PolygonTown/Materials/Misc/Mat_PolygonTown_WindowGlass_01.uasset" 544
"D:/Unreal Projects/PQJAM/PQJAM2021/Content/PolygonTown/Meshes/Buildings/SM_Bld_Church_01.uasset" 545
"D:/Unreal Projects/PQJAM/PQJAM2021/Content/PolygonTown/Textures/Misc/T_PolygonTown_Window_Normal.uasset" 546
"D:/Unreal Projects/PQJAM/PQJAM2021/Content/PolygonTown/Materials/Misc/Mat_PolygonTown_OpaqueGlass_01.uasset" 547
"D:/Unreal Projects/PQJAM/PQJAM2021/Content/PolygonTown/Meshes/Buildings/SM_Bld_House_Preset_01.uasset" 548
"D:/Unreal Projects/PQJAM/PQJAM2021/Content/PolygonTown/Meshes/Buildings/SM_Bld_House_Preset_03.uasset" 549
"D:/Unreal Projects/PQJAM/PQJAM2021/Content/PolygonTown/Meshes/Buildings/SM_Bld_House_Preset_05.uasset" 550
"D:/Unreal Projects/PQJAM/PQJAM2021/Content/PolygonTown/Meshes/Buildings/SM_Bld_House_Preset_09.uasset" 551
"D:/Unreal Projects/PQJAM/PQJAM2021/Content/PolygonTown/Meshes/Buildings/SM_Bld_House_Preset_10.uasset" 552
"D:/Unreal Projects/PQJAM/PQJAM2021/Content/PolygonTown/Meshes/Buildings/SM_Bld_House_Preset_11.uasset" 553
"D:/Unreal Projects/PQJAM/PQJAM2021/Content/PolygonTown/Meshes/Environment/SM_Env_Tree_02.uasset" 554
"D:/Unreal Projects/PQJAM/PQJAM2021/Content/PolygonTown/Meshes/Environment/SM_Env_Tree_Large_01.uasset" 555
"D:/Unreal Projects/PQJAM/PQJAM2021/Content/PolygonTown/Meshes/Environment/SM_Env_Tree_Pine_01.uasset" 556
"D:/Unreal Projects/PQJAM/PQJAM2021/Content/PolygonTown/Meshes/Generic/SM_Generic_Tree_Patch_01.uasset" 557
"D:/Unreal Projects/PQJAM/PQJAM2021/Content/Assets/Mapa/TucasBuilding.uasset" 558
"D:/Unreal Projects/PQJAM/PQJAM2021/Content/Blueprint/DefaultCharacter/NPC/NPCSpawner.uasset" 559
"D:/Unreal Projects/PQJAM/PQJAM2021/Content/Blueprint/DefaultCharacter/NPC/PathFollower/Path/HighCostArea.uasset" 560
"D:/Unreal Projects/PQJAM/PQJAM2021/Content/Blueprint/PizzeiroGamemode.uasset" 561
"../../../Engine/Content/Functions/Engine_MaterialFunctions02/Math/TimeWithSpeedVariable.uasset" 562
"D:/Unreal Projects/PQJAM/PQJAM2021/Content/LPSDeluxe2TropicalEnvironment/LPSD2_Materials/SpecialMaterials/MiscMaterials/M_TreeBreeze.uasset" 563
"../../../Engine/Content/Functions/Engine_MaterialFunctions02/WorldPositionOffset/LocalPosition.uasset" 564
"D:/Unreal Projects/PQJAM/PQJAM2021/Content/LPSDeluxe2TropicalEnvironment/LPSD2_Materials/Materials/Master_Color/M_Color_Master.uasset" 565
"D:/Unreal Projects/PQJAM/PQJAM2021/Content/LPSDeluxe2TropicalEnvironment/LPSD2_Materials/Materials/Master_Color_Instances/MI_Color_Caramel_3.uasset" 566
"D:/Unreal Projects/PQJAM/PQJAM2021/Content/LPSDeluxe2TropicalEnvironment/LPSD2_Meshes/Flora/SM_IslandTree_1.uasset" 567
"D:/Unreal Projects/PQJAM/PQJAM2021/Content/Assets/Foliage/SM_IslandTree_1.uasset" 568
"../../../Engine/Content/Functions/Engine_MaterialFunctions01/Vectors/RotateVector.uasset" 569
"D:/Unreal Projects/PQJAM/PQJAM2021/Content/LPSDeluxe2TropicalEnvironment/LPSD2_Materials/SpecialMaterials/WindMaterials/M_Wind_Master.uasset" 570
"D:/Unreal Projects/PQJAM/PQJAM2021/Content/LPSDeluxe2TropicalEnvironment/LPSD2_Materials/SpecialMaterials/WindMaterials/MI_Wind_10.uasset" 571
"D:/Unreal Projects/PQJAM/PQJAM2021/Content/LPSDeluxe2TropicalEnvironment/LPSD2_Materials/SpecialMaterials/WindMaterials/MI_Wind_11.uasset" 572
"D:/Unreal Projects/PQJAM/PQJAM2021/Content/LPSDeluxe2TropicalEnvironment/LPSD2_Meshes/Flora/SM_LushPatch_1.uasset" 573
"D:/Unreal Projects/PQJAM/PQJAM2021/Content/Assets/Foliage/SM_TropicCover_1.uasset" 574
"D:/Unreal Projects/PQJAM/PQJAM2021/Content/Levels/Game/JogoPrincipal_BuiltData.uasset" 575
"D:/Unreal Projects/PQJAM/PQJAM2021/Content/LPSDeluxe2TropicalEnvironment/LPSD2_Materials/Materials/Master_Color_Instances/MI_Color_BrownGlass.uasset" 576
"../../../Engine/Content/MapTemplates/SM_Template_Map_Floor.uasset" 577
"D:/Unreal Projects/PQJAM/PQJAM2021/Content/Assets/Sounds/Menu-Theme-Song.uasset" 578
"D:/Unreal Projects/PQJAM/PQJAM2021/Content/Assets/Sounds/BackgroundMusic.uasset" 579
"D:/Unreal Projects/PQJAM/PQJAM2021/Content/LPSDeluxe2TropicalEnvironment/LPSD2_Materials/SpecialMaterials/MiscMaterials/M_Glass_Window.uasset" 580
"D:/Unreal Projects/PQJAM/PQJAM2021/Content/LPSDeluxe2TropicalEnvironment/LPSD2_Materials/Materials/Master_Color_Instances/MI_Color_Black.uasset" 581
"D:/Unreal Projects/PQJAM/PQJAM2021/Content/LPSDeluxe2TropicalEnvironment/LPSD2_Materials/Materials/Master_Color_Instances/MI_Color_Red.uasset" 582
"D:/Unreal Projects/PQJAM/PQJAM2021/Content/LPSDeluxe2TropicalEnvironment/LPSD2_Materials/Materials/Master_Color_Instances/MI_Glow_Orange.uasset" 583
"D:/Unreal Projects/PQJAM/PQJAM2021/Content/LPSDeluxe2TropicalEnvironment/LPSD2_Materials/Materials/Master_Color_Instances/MI_Metal_Aluminum.uasset" 584
"D:/Unreal Projects/PQJAM/PQJAM2021/Content/LPSDeluxe2TropicalEnvironment/LPSD2_Materials/Materials/Master_Color_Instances/MI_Metal_Iron.uasset" 585
"D:/Unreal Projects/PQJAM/PQJAM2021/Content/LPSDeluxe2TropicalEnvironment/LPSD2_Materials/SpecialMaterials/2SidedMaterials/M_2Side_White.uasset" 586
"D:/Unreal Projects/PQJAM/PQJAM2021/Content/LPSDeluxe2TropicalEnvironment/LPSD2_Meshes/Beach/SM_TropicalLighthouse_1.uasset" 587
"../../../Engine/Content/Functions/Engine_MaterialFunctions01/AlphaBlend/WorldAlignedBlend.uasset" 588
"D:/Unreal Projects/PQJAM/PQJAM2021/Content/LPSDeluxe2TropicalEnvironment/LPSD2_Materials/SpecialMaterials/2ToneMaterials/MI_Mount_Green_2.uasset" 589
"D:/Unreal Projects/PQJAM/PQJAM2021/Content/LPSDeluxe2TropicalEnvironment/LPSD2_Meshes/Mountain/SM_CliffTop_1.uasset" 590
"D:/Unreal Projects/PQJAM/PQJAM2021/Content/LPSDeluxe2TropicalEnvironment/LPSD2_Materials/Materials/Master_Color_Instances/MI_Color_Gray.uasset" 591
"D:/Unreal Projects/PQJAM/PQJAM2021/Content/LPSDeluxe2TropicalEnvironment/LPSD2_Meshes/Mountain/SM_FlatRockClust_1.uasset" 592
"D:/Unreal Projects/PQJAM/PQJAM2021/Content/LPSDeluxe2TropicalEnvironment/LPSD2_Meshes/Mountain/SM_TRock_1.uasset" 593
"D:/Unreal Projects/PQJAM/PQJAM2021/Content/LPSDeluxe2TropicalEnvironment/LPSD2_Meshes/Mountain/SM_TRock_2.uasset" 594
"D:/Unreal Projects/PQJAM/PQJAM2021/Content/LPSDeluxe2TropicalEnvironment/LPSD2_Meshes/Mountain/SM_TRock_3.uasset" 595
"D:/Unreal Projects/PQJAM/PQJAM2021/Content/LPSDeluxe2TropicalEnvironment/LPSD2_Materials/Materials/Master_Color_Instances/MI_Color_Caramel.uasset" 596
"D:/Unreal Projects/PQJAM/PQJAM2021/Content/LPSDeluxe2TropicalEnvironment/LPSD2_Materials/Materials/Master_Color_Instances/MI_Color_CreamOrange.uasset" 597
"D:/Unreal Projects/PQJAM/PQJAM2021/Content/LPSDeluxe2TropicalEnvironment/LPSD2_Materials/Materials/Master_Color_Instances/MI_Color_Oak.uasset" 598
"D:/Unreal Projects/PQJAM/PQJAM2021/Content/LPSDeluxe2TropicalEnvironment/LPSD2_Materials/Materials/Master_Color_Instances/MI_Color_Shamrock.uasset" 599
"D:/Unreal Projects/PQJAM/PQJAM2021/Content/LPSDeluxe2TropicalEnvironment/LPSD2_Materials/Materials/Master_Color_Instances/MI_Color_TropicBlue.uasset" 600
"D:/Unreal Projects/PQJAM/PQJAM2021/Content/LPSDeluxe2TropicalEnvironment/LPSD2_Materials/Materials/Master_Color_Instances/MI_Color_White.uasset" 601
"D:/Unreal Projects/PQJAM/PQJAM2021/Content/LPSDeluxe2TropicalEnvironment/LPSD2_Materials/Materials/Master_Color_Instances/MI_Color_Yellow.uasset" 602
"D:/Unreal Projects/PQJAM/PQJAM2021/Content/LPSDeluxe2TropicalEnvironment/LPSD2_Meshes/Tiki/SM_TikiPole_1.uasset" 603
"D:/Unreal Projects/PQJAM/PQJAM2021/Content/LPSDeluxe2TropicalEnvironment/LPSD2_Materials/SpecialMaterials/2ToneMaterials/MI_Mount_Volcano.uasset" 604
"D:/Unreal Projects/PQJAM/PQJAM2021/Content/LPSDeluxe2TropicalEnvironment/LPSD2_Materials/Materials/Master_Color_Instances/MI_Glow_Lava.uasset" 605
"D:/Unreal Projects/PQJAM/PQJAM2021/Content/LPSDeluxe2TropicalEnvironment/LPSD2_Meshes/Volcano/SM_LargeVolcano_1.uasset" 606
"D:/Unreal Projects/PQJAM/PQJAM2021/Content/LPSDeluxe2TropicalEnvironment/LPSD2_Materials/SpecialMaterials/MiscMaterials/M_VolcanoSmoke.uasset" 607
"D:/Unreal Projects/PQJAM/PQJAM2021/Content/LPSDeluxe2TropicalEnvironment/LPSD2_Meshes/Volcano/SM_VolcanoSmoke_1.uasset" 608
"D:/Unreal Projects/PQJAM/PQJAM2021/Content/LPSDeluxe2TropicalEnvironment/LPSD2_Materials/Materials/Master_Color_Instances/MI_Glow_Cloud.uasset" 609
"D:/Unreal Projects/PQJAM/PQJAM2021/Content/LPSDeluxe2TropicalEnvironment/LPSD2_Meshes/Water/SM_TropicalCloud_3.uasset" 610
"D:/Unreal Projects/PQJAM/PQJAM2021/Content/LPSDeluxe2TropicalEnvironment/LPSD2_Meshes/Water/SM_TropicCloud_1.uasset" 611
"D:/Unreal Projects/PQJAM/PQJAM2021/Content/LPSDeluxe2TropicalEnvironment/LPSD2_Meshes/Water/SM_TropicCloud_2.uasset" 612
"D:/Unreal Projects/PQJAM/PQJAM2021/Content/LPSDeluxe2TropicalEnvironment/LPSD2_Materials/SpecialMaterials/WaterMaterials/M_Water_Tropic.uasset" 613
"D:/Unreal Projects/PQJAM/PQJAM2021/Content/LPSDeluxe2TropicalEnvironment/LPSD2_Meshes/Water/SM_Water_CircleLarge.uasset" 614
"D:/Unreal Projects/PQJAM/PQJAM2021/Content/LPSDeluxe2TropicalEnvironment/LPSD2_Meshes/Water/SM_Water_CircleSmall.uasset" 615
"D:/Unreal Projects/PQJAM/PQJAM2021/Content/PolygonCity/Meshes/Buildings/SM_Bld_Apartment_01.uasset" 616
"D:/Unreal Projects/PQJAM/PQJAM2021/Content/PolygonCity/Meshes/Buildings/SM_Bld_Apartment_Corner_01.uasset" 617
"D:/Unreal Projects/PQJAM/PQJAM2021/Content/PolygonCity/Meshes/Buildings/SM_Bld_Apartment_Corner_02.uasset" 618
"D:/Unreal Projects/PQJAM/PQJAM2021/Content/PolygonCity/Meshes/Buildings/SM_Bld_Apartment_Corner_03.uasset" 619
"D:/Unreal Projects/PQJAM/PQJAM2021/Content/PolygonCity/Meshes/Buildings/SM_Bld_Apartment_Door_01.uasset" 620
"D:/Unreal Projects/PQJAM/PQJAM2021/Content/PolygonCity/Meshes/Buildings/SM_Bld_Apartment_Door_02.uasset" 621
"D:/Unreal Projects/PQJAM/PQJAM2021/Content/PolygonCity/Meshes/Buildings/SM_Bld_Apartment_Door_Corner_02.uasset" 622
"D:/Unreal Projects/PQJAM/PQJAM2021/Content/PolygonCity/Meshes/Buildings/SM_Bld_Apartment_Stack_02.uasset" 623
"D:/Unreal Projects/PQJAM/PQJAM2021/Content/PolygonCity/Meshes/Buildings/SM_Bld_OfficeOctagon_01.uasset" 624
"D:/Unreal Projects/PQJAM/PQJAM2021/Content/PolygonCity/Meshes/Buildings/SM_Bld_OfficeOld_Large_02.uasset" 625
"D:/Unreal Projects/PQJAM/PQJAM2021/Content/PolygonCity/Meshes/Buildings/SM_Bld_OfficeOld_Small_01.uasset" 626
"D:/Unreal Projects/PQJAM/PQJAM2021/Content/PolygonCity/Meshes/Buildings/SM_Bld_OfficeOld_Small_02.uasset" 627
"D:/Unreal Projects/PQJAM/PQJAM2021/Content/PolygonCity/Meshes/Buildings/SM_Bld_OfficeOld_Small_Base_01.uasset" 628
"D:/Unreal Projects/PQJAM/PQJAM2021/Content/PolygonCity/Meshes/Buildings/SM_Bld_OfficeRound_03.uasset" 629
"D:/Unreal Projects/PQJAM/PQJAM2021/Content/PolygonCity/Meshes/Buildings/SM_Bld_OfficeSquare_01.uasset" 630
"D:/Unreal Projects/PQJAM/PQJAM2021/Content/PolygonCity/Meshes/Buildings/SM_Bld_Roof_Access_01.uasset" 631
"D:/Unreal Projects/PQJAM/PQJAM2021/Content/PolygonCity/Meshes/Buildings/SM_Bld_Shop_01.uasset" 632
"D:/Unreal Projects/PQJAM/PQJAM2021/Content/PolygonCity/Meshes/Buildings/SM_Bld_Shop_02.uasset" 633
"D:/Unreal Projects/PQJAM/PQJAM2021/Content/PolygonCity/Meshes/Buildings/SM_Bld_Shop_03.uasset" 634
"D:/Unreal Projects/PQJAM/PQJAM2021/Content/PolygonCity/Meshes/Buildings/SM_Bld_Shop_04.uasset" 635
"D:/Unreal Projects/PQJAM/PQJAM2021/Content/PolygonCity/Meshes/Buildings/SM_Bld_Shop_05.uasset" 636
"D:/Unreal Projects/PQJAM/PQJAM2021/Content/PolygonCity/Meshes/Buildings/SM_Bld_Shop_Corner_01.uasset" 637
"D:/Unreal Projects/PQJAM/PQJAM2021/Content/PolygonCity/Meshes/Buildings/SM_Bld_Shop_Corner_02.uasset" 638
"D:/Unreal Projects/PQJAM/PQJAM2021/Content/PolygonCity/Meshes/Buildings/SM_Bld_Station_01.uasset" 639
"D:/Unreal Projects/PQJAM/PQJAM2021/Content/PolygonCity/Meshes/Buildings/SM_Bld_Station_02.uasset" 640
"D:/Unreal Projects/PQJAM/PQJAM2021/Content/PolygonCity/Meshes/Buildings/SM_Bld_Station_03.uasset" 641
"D:/Unreal Projects/PQJAM/PQJAM2021/Content/PolygonCity/Meshes/Environments/SM_Env_Bridge_Edge_01.uasset" 642
"D:/Unreal Projects/PQJAM/PQJAM2021/Content/PolygonCity/Meshes/Environments/SM_Env_Fence_01.uasset" 643
"D:/Unreal Projects/PQJAM/PQJAM2021/Content/PolygonCity/Meshes/Environments/SM_Env_Fence_End_01.uasset" 644
"D:/Unreal Projects/PQJAM/PQJAM2021/Content/PolygonCity/Meshes/Environments/SM_Env_Tree_03.uasset" 645
"D:/Unreal Projects/PQJAM/PQJAM2021/Content/PolygonCity/Textures/T_PolygonCity_BillboardAds.uasset" 646
"D:/Unreal Projects/PQJAM/PQJAM2021/Content/PolygonCity/Materials/Mat_PolygonCity_Billboard.uasset" 647
"D:/Unreal Projects/PQJAM/PQJAM2021/Content/PolygonCity/Meshes/Props/SM_Prop_Billboard_Sign_02.uasset" 648
"D:/Unreal Projects/PQJAM/PQJAM2021/Content/PolygonCity/Meshes/Props/SM_Prop_HotdogStand_01.uasset" 649
"D:/Unreal Projects/PQJAM/PQJAM2021/Content/PolygonCity/Meshes/Props/SM_Prop_Hydrant_01.uasset" 650
"D:/Unreal Projects/PQJAM/PQJAM2021/Content/PolygonCity/Meshes/Props/SM_Prop_LightPole_Base_02.uasset" 651
"D:/Unreal Projects/PQJAM/PQJAM2021/Content/PolygonCity/Meshes/Props/SM_Prop_Newspaper_02.uasset" 652
"D:/Unreal Projects/PQJAM/PQJAM2021/Content/PolygonCity/Meshes/Props/SM_Prop_ParkBench_01.uasset" 653
"D:/Unreal Projects/PQJAM/PQJAM2021/Content/PolygonCity/Meshes/Props/SM_Prop_Phones_01.uasset" 654
"D:/Unreal Projects/PQJAM/PQJAM2021/Content/PolygonCity/Meshes/Props/SM_Prop_PlanterWindow_02.uasset" 655
"D:/Unreal Projects/PQJAM/PQJAM2021/Content/PolygonCity/Meshes/Props/SM_Prop_Sign_GiveWay_03.uasset" 656
"D:/Unreal Projects/PQJAM/PQJAM2021/Content/PolygonCity/Meshes/Props/SM_Prop_Sign_Stop_01.uasset" 657
"D:/Unreal Projects/PQJAM/PQJAM2021/Content/PolygonCity/Meshes/Props/SM_Prop_Skip_02.uasset" 658
"D:/Unreal Projects/PQJAM/PQJAM2021/Content/PolygonCity/Meshes/Props/SM_Prop_TrashBag_01.uasset" 659
"D:/Unreal Projects/PQJAM/PQJAM2021/Content/PolygonCity/Meshes/Props/SM_Prop_Trashbin_01.uasset" 660
"D:/Unreal Projects/PQJAM/PQJAM2021/Content/PolygonTown/Meshes/Buildings/SM_Bld_GardenShed_01.uasset" 661
"D:/Unreal Projects/PQJAM/PQJAM2021/Content/PolygonTown/Meshes/Buildings/SM_Bld_House_Preset_02.uasset" 662
"D:/Unreal Projects/PQJAM/PQJAM2021/Content/PolygonTown/Meshes/Buildings/SM_Bld_House_Preset_06.uasset" 663
"D:/Unreal Projects/PQJAM/PQJAM2021/Content/PolygonTown/Meshes/Buildings/SM_Bld_House_Preset_07.uasset" 664
"D:/Unreal Projects/PQJAM/PQJAM2021/Content/PolygonTown/Meshes/Buildings/SM_Bld_House_Preset_08.uasset" 665
"D:/Unreal Projects/PQJAM/PQJAM2021/Content/PolygonTown/Meshes/Buildings/SM_Bld_House_Preset_Garage_01.uasset" 666
"D:/Unreal Projects/PQJAM/PQJAM2021/Content/PolygonTown/Meshes/Buildings/SM_Bld_Shop_02.uasset" 667
"D:/Unreal Projects/PQJAM/PQJAM2021/Content/Levels/Game/JogoPrincipal.umap" 668
"D:/Unreal Projects/PQJAM/PQJAM2021/Content/Levels/MainMenu/pizza.uasset" 669
"D:/Unreal Projects/PQJAM/PQJAM2021/Content/Levels/MainMenu/pizzaPlay.uasset" 670
"D:/Unreal Projects/PQJAM/PQJAM2021/Content/Levels/MainMenu/MainMenu.uasset" 671
"D:/Unreal Projects/PQJAM/PQJAM2021/Content/Levels/MainMenu/MainMenuLevel.umap" 672
